<?xml version="1.0" encoding="UTF-8"?>
<testng-results ignored="0" total="2" passed="2" failed="0" skipped="0">
  <reporter-output>
  </reporter-output>
  <suite started-at="2023-12-12T11:05:44 IST" name="Default suite" finished-at="2023-12-12T11:06:38 IST" duration-ms="54351">
    <groups>
    </groups>
    <test started-at="2023-12-12T11:05:44 IST" name="Default test" finished-at="2023-12-12T11:06:38 IST" duration-ms="54351">
      <class name="com.firstcry.tests.TestLoginPage">
        <test-method is-config="true" signature="OpenBrowser()[pri:0, instance:com.firstcry.tests.TestLoginPage@5386659f]" started-at="2023-12-12T11:05:44 IST" name="OpenBrowser" finished-at="2023-12-12T11:05:56 IST" duration-ms="12000" status="PASS">
          <reporter-output>
          </reporter-output>
        </test-method> <!-- OpenBrowser -->
        <test-method is-config="true" signature="setUp()[pri:0, instance:com.firstcry.tests.TestLoginPage@5386659f]" started-at="2023-12-12T11:05:56 IST" name="setUp" finished-at="2023-12-12T11:05:56 IST" duration-ms="55" status="PASS">
          <reporter-output>
          </reporter-output>
        </test-method> <!-- setUp -->
        <test-method signature="Login()[pri:0, instance:com.firstcry.tests.TestLoginPage@5386659f]" started-at="2023-12-12T11:05:56 IST" name="Login" finished-at="2023-12-12T11:06:32 IST" duration-ms="36305" status="PASS">
          <reporter-output>
          </reporter-output>
        </test-method> <!-- Login -->
        <test-method is-config="true" signature="setUp()[pri:0, instance:com.firstcry.tests.TestLoginPage@5386659f]" started-at="2023-12-12T11:06:32 IST" name="setUp" finished-at="2023-12-12T11:06:32 IST" duration-ms="2" status="PASS">
          <reporter-output>
          </reporter-output>
        </test-method> <!-- setUp -->
        <test-method signature="verifyLogin()[pri:0, instance:com.firstcry.tests.TestLoginPage@5386659f]" started-at="2023-12-12T11:06:32 IST" name="verifyLogin" finished-at="2023-12-12T11:06:38 IST" duration-ms="5462" status="PASS">
          <reporter-output>
          </reporter-output>
        </test-method> <!-- verifyLogin -->
        <test-method is-config="true" signature="CloseBrowser()[pri:0, instance:com.firstcry.tests.TestLoginPage@5386659f]" started-at="2023-12-12T11:06:38 IST" name="CloseBrowser" finished-at="2023-12-12T11:06:38 IST" duration-ms="454" status="PASS">
          <reporter-output>
          </reporter-output>
        </test-method> <!-- CloseBrowser -->
      </class> <!-- com.firstcry.tests.TestLoginPage -->
    </test> <!-- Default test -->
  </suite> <!-- Default suite -->
</testng-results>
