<?xml version="1.0" encoding="UTF-8"?>
<!-- Generated by org.testng.reporters.JUnitReportReporter -->
<testsuite hostname="DESKTOP-5BINFA7" failures="0" tests="2" name="com.firstcry.tests.TestLoginPage" time="41.824" errors="0" timestamp="2023-12-12T11:06:39 IST" skipped="0">
  <testcase classname="com.firstcry.tests.TestLoginPage" name="verifyLogin" time="5.517"/>
  <system-out/>
  <testcase classname="com.firstcry.tests.TestLoginPage" name="Login" time="36.307"/>
  <system-out/>
</testsuite> <!-- com.firstcry.tests.TestLoginPage -->
